C51 COMPILER V9.60.7.0   MAIN                                                              01/18/2025 00:22:32 PAGE 1   


C51 COMPILER V9.60.7.0, COMPILATION OF MODULE MAIN
OBJECT MODULE PLACED IN .\Objects\main.obj
COMPILER INVOKED BY: C:\Keil_v5\C51\BIN\C51.EXE main.c OPTIMIZE(8,SPEED) BROWSE DEBUG OBJECTEXTEND PRINT(.\Listings\main
                    -.lst) TABS(2) OBJECT(.\Objects\main.obj)

line level    source

   1          #include<reg52.h>
   2          #include <stdio.h>
   3          #include <stdlib.h>
   4          #include "assets/delay/delay.h"
   5          #include <./assets/dht11/dht11.h>
   6          #include <./assets/MAX7219/MAX7219.h>
   7          //------------------------------------------------------------------------------
   8          char str[12];  
   9          unsigned char sensorData[5];
  10          int hum, tempr;
  11          //------------------------------------------------------------------------------
  12          int main() 
  13          {   
  14   1        MAX7219_init(SCAN_ALL_DIGITS);
  15   1        dht11_init();;
  16   1        
  17   1        while(1)
  18   1        {     
  19   2          oneWire_start();
  20   2          
  21   2          if(oneWire_getResponse())
  22   2          { 
  23   3            dht11_getSensorData(sensorData);
  24   3          }
  25   2          
  26   2          if(dht11_isChecksumValid(sensorData))
  27   2          {
  28   3            MAX7219_displayText("Error");
  29   3          }
  30   2          else
  31   2            {
  32   3              hum = dht11_getHumidity(sensorData);
  33   3              tempr = dht11_getTemperature(sensorData);
  34   3              sprintf(str, "%2u%c%3u°%c", hum, '%', tempr, (tempMode == 0) ? 'c' : 'f' );
  35   3              
  36   3              MAX7219_displayText(str);
  37   3            }
  38   2            __delay_ms(100);
  39   2        }
  40   1      }
  41          //------------------------------------------------------------------------------


MODULE INFORMATION:   STATIC OVERLAYABLE
   CODE SIZE        =    761    ----
   CONSTANT SIZE    =     23    ----
   XDATA SIZE       =   ----    ----
   PDATA SIZE       =   ----    ----
   DATA SIZE        =     49      32
   IDATA SIZE       =   ----    ----
   BIT SIZE         =      1    ----
END OF MODULE INFORMATION.


C51 COMPILATION COMPLETE.  0 WARNING(S),  0 ERROR(S)
