C51 COMPILER V9.60.7.0   MAIN                                                              02/06/2025 14:13:52 PAGE 1   


C51 COMPILER V9.60.7.0, COMPILATION OF MODULE MAIN
OBJECT MODULE PLACED IN .\Objects\main.obj
COMPILER INVOKED BY: C:\Keil_v5\C51\BIN\C51.EXE main.c OPTIMIZE(8,SPEED) BROWSE DEBUG OBJECTEXTEND PRINT(.\Listings\main
                    -.lst) TABS(2) OBJECT(.\Objects\main.obj)

line level    source

   1          #include<reg52.h>
   2          #include <stdio.h>
   3          #include <stdlib.h>
   4          #include <./assets/TC72/TC72.h>
   5          #include <./assets/Max6950/Max6950.h>
   6          //------------------------------------------------------------------------------
   7          char str[8]; 
   8          signed int tempr;
   9          //------------------------------------------------------------------------------
  10          int main() 
  11          {   
  12   1        MAX6950_init();;
  13   1        TC72_Init(); 
  14   1        
  15   1        while(1)
  16   1        {   
  17   2          tempr = TC72_ReadTempr();
  18   2          MAX6950_displayNumber(toFloat(tempr));
  19   2        }
  20   1      }
  21          //------------------------------------------------------------------------------


MODULE INFORMATION:   STATIC OVERLAYABLE
   CODE SIZE        =    667    ----
   CONSTANT SIZE    =     36    ----
   XDATA SIZE       =   ----    ----
   PDATA SIZE       =   ----    ----
   DATA SIZE        =     10      36
   IDATA SIZE       =   ----    ----
   BIT SIZE         =   ----    ----
END OF MODULE INFORMATION.


C51 COMPILATION COMPLETE.  0 WARNING(S),  0 ERROR(S)
