C51 COMPILER V9.60.7.0   MAIN                                                              01/17/2025 12:47:52 PAGE 1   


C51 COMPILER V9.60.7.0, COMPILATION OF MODULE MAIN
OBJECT MODULE PLACED IN .\Objects\main.obj
COMPILER INVOKED BY: C:\Keil_v5\C51\BIN\C51.EXE main.c OPTIMIZE(8,SPEED) BROWSE DEBUG OBJECTEXTEND PRINT(.\Listings\main
                    -.lst) TABS(2) OBJECT(.\Objects\main.obj)

line level    source

   1          //------------------------------------------------------------------------------
   2          #include <reg52.h>               //including _sfr registers for ports of the controller
   3          #include <stdio.h>
   4          #include <./assets/lcd4/lcd4.h>
   5          #include <./assets/dht11/dht11.h>
   6          //------------------------------------------------------------------------------
   7          unsigned char str[20];
   8          unsigned char sensorData[5];
   9          //------------------------------------------------------------------------------
  10          int main()
  11          {
  12   1        LCD_init(); 
  13   1        
  14   1        while(1)
  15   1        {          
  16   2          oneWire_start();
  17   2          
  18   2          if(oneWire_getResponse())
  19   2          { 
  20   3            dht11_getSensorData(sensorData);
  21   3          }
  22   2          
  23   2          if(dht11_isChecksumValid(sensorData))
  24   2          {
  25   3            LCD_string(0,0,"Error");
  26   3          }
  27   2          else
  28   2            {
  29   3              sprintf(str, "Humd: %2u%c", dht11_getHumidity(sensorData), '%');
  30   3              LCD_string(0,0, str);
  31   3              
  32   3              sprintf(str, "Tempr: %2u%cC", dht11_getTemperature(sensorData), 223);
  33   3              LCD_string(1,0, str);
  34   3            }
  35   2            __delay(100);
  36   2        }
  37   1      }
  38          //------------------------------------------------------------------------------


MODULE INFORMATION:   STATIC OVERLAYABLE
   CODE SIZE        =    689    ----
   CONSTANT SIZE    =     32    ----
   XDATA SIZE       =   ----    ----
   PDATA SIZE       =   ----    ----
   DATA SIZE        =     29      30
   IDATA SIZE       =   ----    ----
   BIT SIZE         =   ----    ----
END OF MODULE INFORMATION.


C51 COMPILATION COMPLETE.  0 WARNING(S),  0 ERROR(S)
