C51 COMPILER V9.60.7.0   MAIN                                                              08/01/2025 13:14:54 PAGE 1   


C51 COMPILER V9.60.7.0, COMPILATION OF MODULE MAIN
OBJECT MODULE PLACED IN .\Objects\main.obj
COMPILER INVOKED BY: C:\Keil_v5\C51\BIN\C51.EXE main.c OPTIMIZE(8,SPEED) BROWSE DEBUG OBJECTEXTEND PRINT(.\Listings\main
                    -.lst) TABS(2) OBJECT(.\Objects\main.obj)

line level    source

   1          #include<reg52.h>
   2          #include <stdio.h>
   3          #include <string.h>
   4          #include <./assets/mcp9800/mcp9800.h>
   5          #include <./assets/SAA1064/SAA1064.h>
   6          //------------------------------------------------------------------------------
   7          unsigned char addr = 0x90; // Temperature sensor device Address
   8          char resInd, str[6];
   9          int rawData;
  10          float tempr;
  11          //------------------------------------------------------------------------------
  12          int main() 
  13          {       
  14   1        SAA1064_init();
  15   1        mcp9800_init(addr, RES09_BIT); 
  16   1        resInd = mcp9800_getResolutionNum(addr);
  17   1      
  18   1        while(1)
  19   1        { 
  20   2          rawData = mcp9800_read(addr, TEMP_REG);
  21   2          tempr = calcTemp(rawData, resInd);
  22   2          
  23   2          //SAA1064_displayFloat(tempr);
  24   2          //SAA1064_displayFloat(3.4);
  25   2          SAA1064_displayInt(4);
  26   2          __delay_ms(100);
  27   2        }
  28   1      }
  29          //------------------------------------------------------------------------------


MODULE INFORMATION:   STATIC OVERLAYABLE
   CODE SIZE        =    914    ----
   CONSTANT SIZE    =     40    ----
   XDATA SIZE       =   ----    ----
   PDATA SIZE       =   ----    ----
   DATA SIZE        =     30      43
   IDATA SIZE       =   ----    ----
   BIT SIZE         =   ----    ----
END OF MODULE INFORMATION.


C51 COMPILATION COMPLETE.  0 WARNING(S),  0 ERROR(S)
