C51 COMPILER V9.60.7.0   MAIN                                                              01/17/2025 12:26:01 PAGE 1   


C51 COMPILER V9.60.7.0, COMPILATION OF MODULE MAIN
OBJECT MODULE PLACED IN .\Objects\main.obj
COMPILER INVOKED BY: C:\Keil_v5\C51\BIN\C51.EXE main.c OPTIMIZE(8,SPEED) BROWSE DEBUG OBJECTEXTEND PRINT(.\Listings\main
                    -.lst) TABS(2) OBJECT(.\Objects\main.obj)

line level    source

   1          #include<reg52.h>
   2          #include <stdio.h>
   3          #include <./assets/dht11/dht11.h>
   4          #include <./assets/ht16k33/ht16k33.h>
   5          //------------------------------------------------------------------------------
   6          unsigned char str[12];
   7          unsigned char sensorData[5];
   8          int hum, tempr;
   9          //------------------------------------------------------------------------------
  10          int main() 
  11          {       
  12   1        ht16k33_init();
  13   1        dht11_init();
  14   1        
  15   1        while(1)
  16   1        { 
  17   2          oneWire_start();
  18   2          
  19   2          if(oneWire_getResponse())
  20   2          { 
  21   3            dht11_getSensorData(sensorData);
  22   3          }
  23   2          
  24   2          if(dht11_isChecksumValid(sensorData))
  25   2          {
  26   3            ht16k33_displayText("Error");
  27   3          }
  28   2          else
  29   2            {
  30   3              hum = dht11_getHumidity(sensorData);
  31   3              tempr = dht11_getTemperature(sensorData);
  32   3              sprintf(str, "%2u%c %2u°%c", hum, '%', tempr, (tempMode == 0) ? 'C' : 'F' );
  33   3              
  34   3              ht16k33_displayText(str);
  35   3            }
  36   2            __delay_ms(100);
  37   2        }
  38   1      }
  39          //------------------------------------------------------------------------------


MODULE INFORMATION:   STATIC OVERLAYABLE
   CODE SIZE        =    799    ----
   CONSTANT SIZE    =    218    ----
   XDATA SIZE       =   ----    ----
   PDATA SIZE       =   ----    ----
   DATA SIZE        =     21      27
   IDATA SIZE       =   ----    ----
   BIT SIZE         =      1    ----
END OF MODULE INFORMATION.


C51 COMPILATION COMPLETE.  0 WARNING(S),  0 ERROR(S)
