C51 COMPILER V9.60.7.0   MAIN                                                              12/18/2024 16:08:52 PAGE 1   


C51 COMPILER V9.60.7.0, COMPILATION OF MODULE MAIN
OBJECT MODULE PLACED IN .\Objects\main.obj
COMPILER INVOKED BY: C:\Keil_v5\C51\BIN\C51.EXE main.c OPTIMIZE(8,SPEED) BROWSE DEBUG OBJECTEXTEND PRINT(.\Listings\main
                    -.lst) TABS(2) OBJECT(.\Objects\main.obj)

line level    source

   1          //------------------------------------------------------------------------------
   2          #include<reg52.h>              //including sfr registers for ports of the controller
   3          #include<lcd8.h>
   4          //------------------------------------------------------------------------------
   5          int main()
   6          {
   7   1        LCD_init();  
   8   1        
   9   1        while(1)
  10   1        {                                   
  11   2          LCD_string(0,1,"Bugz Bensce");
  12   2          LCD_string(1,5,"2025");
  13   2        }
  14   1      }
  15          //------------------------------------------------------------------------------


MODULE INFORMATION:   STATIC OVERLAYABLE
   CODE SIZE        =    313    ----
   CONSTANT SIZE    =     17    ----
   XDATA SIZE       =   ----    ----
   PDATA SIZE       =   ----    ----
   DATA SIZE        =      4      15
   IDATA SIZE       =   ----    ----
   BIT SIZE         =   ----    ----
END OF MODULE INFORMATION.


C51 COMPILATION COMPLETE.  0 WARNING(S),  0 ERROR(S)
