C51 COMPILER V9.60.7.0   MAIN                                                              01/14/2025 17:13:16 PAGE 1   


C51 COMPILER V9.60.7.0, COMPILATION OF MODULE MAIN
OBJECT MODULE PLACED IN .\Objects\main.obj
COMPILER INVOKED BY: C:\Keil_v5\C51\BIN\C51.EXE main.c OPTIMIZE(8,SPEED) BROWSE DEBUG OBJECTEXTEND PRINT(.\Listings\main
                    -.lst) TABS(2) OBJECT(.\Objects\main.obj)

line level    source

   1          #include<reg52.h>
   2          #include <stdio.h>
   3          #include <string.h>
   4          #include "assets/Ext_Intr/Ext_Intr.h"
   5          #include <./assets/ds3234/ds3234.h>
   6          #include <./assets/TM1637/TM1637.h>
   7          //------------------------------------------------------------------------------
   8          char str[12];
   9          int time[8];
  10          //------------------------------------------------------------------------------
  11          int main() 
  12          {      
  13   1        TM1637_init(7);
  14   1        ExtInt0_init();
  15   1        DS3234_init();
  16   1        //DS3234_setTime(tm);       //Uncomment to set time as needed
  17   1        
  18   1        while(1)
  19   1        {      
  20   2          DS3234_getTime(time);
  21   2          
  22   2          if(LED0)
  23   2            strcpy(str, get_TimeStr(time));
  24   2          else
  25   2              if(LED1)
  26   2                strcpy(str, get_DateStr(time));
  27   2              
  28   2          TM1637_displayNumText(str);
  29   2          __delay_ms(200);
  30   2        }
  31   1      }
  32          //------------------------------------------------------------------------------


MODULE INFORMATION:   STATIC OVERLAYABLE
   CODE SIZE        =    985    ----
   CONSTANT SIZE    =     17    ----
   XDATA SIZE       =   ----    ----
   PDATA SIZE       =   ----    ----
   DATA SIZE        =     38      53
   IDATA SIZE       =   ----    ----
   BIT SIZE         =   ----    ----
END OF MODULE INFORMATION.


C51 COMPILATION COMPLETE.  0 WARNING(S),  0 ERROR(S)
