C51 COMPILER V9.60.7.0   MAIN                                                              01/14/2025 12:26:21 PAGE 1   


C51 COMPILER V9.60.7.0, COMPILATION OF MODULE MAIN
OBJECT MODULE PLACED IN .\Objects\main.obj
COMPILER INVOKED BY: C:\Keil_v5\C51\BIN\C51.EXE main.c OPTIMIZE(8,SPEED) BROWSE DEBUG OBJECTEXTEND PRINT(.\Listings\main
                    -.lst) TABS(2) OBJECT(.\Objects\main.obj)

line level    source

   1          #include<reg52.h>
   2          #include <stdio.h>
   3          #include <./assets/pcf2123/pcf2123.h>
   4          #include <./assets/Lcd/LCD_Serial.h>
   5          //------------------------------------------------------------------------------
   6          char str[30];  
   7          int time[7] = {0,10,16,2,4,5,20}; //Sec,Min,Hour,WDay,MDay,Month,Year
   8          //------------------------------------------------------------------------------
   9          int main() 
  10          { 
  11   1        LCD_init();
  12   1        PCF2123_init();
  13   1        
  14   1        PCF2123_setDateTime(time);
  15   1        
  16   1        while(1)
  17   1        { 
  18   2          PCF2123_getDateTime(time);
  19   2          
  20   2          sprintf(str,"Time:%s",get_fullTimeStr(time));      //Time
  21   2          LCD_string(0,0,str);
  22   2         
  23   2          sprintf(str,"Date:%s, %s",get_wDayStr(time[4]), get_fullDateStr(time));      //Date
  24   2          LCD_string(1,0,str);
  25   2        }
  26   1      }
  27          //------------------------------------------------------------------------------


MODULE INFORMATION:   STATIC OVERLAYABLE
   CODE SIZE        =   1198    ----
   CONSTANT SIZE    =    135    ----
   XDATA SIZE       =   ----    ----
   PDATA SIZE       =   ----    ----
   DATA SIZE        =     48      50
   IDATA SIZE       =   ----    ----
   BIT SIZE         =      1    ----
END OF MODULE INFORMATION.


C51 COMPILATION COMPLETE.  0 WARNING(S),  0 ERROR(S)
