C51 COMPILER V9.60.7.0   MAIN                                                              02/14/2025 21:37:43 PAGE 1   


C51 COMPILER V9.60.7.0, COMPILATION OF MODULE MAIN
OBJECT MODULE PLACED IN .\Objects\main.obj
COMPILER INVOKED BY: C:\Keil_v5\C51\BIN\C51.EXE main.c OPTIMIZE(8,SPEED) BROWSE DEBUG OBJECTEXTEND PRINT(.\Listings\main
                    -.lst) TABS(2) OBJECT(.\Objects\main.obj)

line level    source

   1          //------------------------------------------------------------------------------
   2          #include <reg52.h>               //including _sfr registers for ports of the controller
   3          #include <stdio.h>
   4          #include <./assets/lcd4/lcd4.h>
   5          #include <./assets/dht22/dht22.h>
   6          //------------------------------------------------------------------------------
   7          unsigned char str[18];
   8          unsigned char sensorData[5];
   9          signed int hum, tempr;
  10          //------------------------------------------------------------------------------
  11          int main()
  12          {
  13   1        LCD_init(); 
  14   1        
  15   1        while(1)
  16   1        {          
  17   2          oneWire_start();
  18   2          
  19   2          if(oneWire_getResponse())
  20   2          { 
  21   3            dht22_getSensorData(sensorData);
  22   3          }
  23   2          
  24   2          if(dht22_isChecksumInvalid(sensorData))
  25   2          {
  26   3            LCD_string(0,0,"Error");
  27   3          }
  28   2          else
  29   2            {
  30   3              hum = dht22_getHumidity(sensorData);
  31   3              tempr = dht22_getTemperature(sensorData);
  32   3              
  33   3              sprintf(str, "Humd: %4.1f%c", (float) hum/10, '%');
  34   3              LCD_string(0, 0, str);
  35   3              
  36   3              sprintf(str, "Tempr: %5.1f%cC", calcTempr(tempr), 223);
  37   3              LCD_string(1, 0, str);
  38   3            }
  39   2            __delay_ms(100);
  40   2        }
  41   1      }
  42          //------------------------------------------------------------------------------


MODULE INFORMATION:   STATIC OVERLAYABLE
   CODE SIZE        =    788    ----
   CONSTANT SIZE    =     36    ----
   XDATA SIZE       =   ----    ----
   PDATA SIZE       =   ----    ----
   DATA SIZE        =     31      29
   IDATA SIZE       =   ----    ----
   BIT SIZE         =   ----    ----
END OF MODULE INFORMATION.


C51 COMPILATION COMPLETE.  0 WARNING(S),  0 ERROR(S)
