C51 COMPILER V9.60.7.0   MAIN                                                              07/26/2025 17:44:32 PAGE 1   


C51 COMPILER V9.60.7.0, COMPILATION OF MODULE MAIN
OBJECT MODULE PLACED IN .\Objects\main.obj
COMPILER INVOKED BY: C:\Keil_v5\C51\BIN\C51.EXE main.c OPTIMIZE(8,SPEED) BROWSE DEBUG OBJECTEXTEND PRINT(.\Listings\main
                    -.lst) TABS(2) OBJECT(.\Objects\main.obj)

line level    source

   1          //------------------------------------------------------------------------------
   2          #include<reg52.h>              //including _sfr registers for ports of the controller
   3          #include <stdio.h>
   4          #include <./assets/delay/delay.h>
   5          #include <./assets/uart/uart.h>
   6          #include <./assets/ds1620/ds1620.h>
   7          //------------------------------------------------------------------------------
   8          int tempH, tempL;
   9          float tempF;
  10          char str[30];
  11          //------------------------------------------------------------------------------
  12          int main(void) 
  13          {   
  14   1        uart_init();
  15   1        ds1620_init(25, 20); //Set thermostat high and low values
  16   1        
  17   1        tempH = ds1620_getTemp(READ_TH);
  18   1        tempL = ds1620_getTemp(READ_TL);
  19   1        
  20   1        sprintf(str, "TH: %i°C, TL: %i°C\n\r", tempH, tempL);
  21   1        uart_msg(str);
  22   1        
  23   1        while(1)
  24   1        {
  25   2          tempF = ds1620_getTempFloat();
  26   2          
  27   2          sprintf(str, "Temperature: %5.1f°C\n\r", tempF);
  28   2          uart_msg(str);
  29   2          
  30   2          __delay_ms(500);
  31   2        }
  32   1      }
  33          //------------------------------------------------------------------------------


MODULE INFORMATION:   STATIC OVERLAYABLE
   CODE SIZE        =    662    ----
   CONSTANT SIZE    =     44    ----
   XDATA SIZE       =   ----    ----
   PDATA SIZE       =   ----    ----
   DATA SIZE        =     38      19
   IDATA SIZE       =   ----    ----
   BIT SIZE         =   ----    ----
END OF MODULE INFORMATION.


C51 COMPILATION COMPLETE.  0 WARNING(S),  0 ERROR(S)
