C51 COMPILER V9.60.7.0   MAIN                                                              12/27/2024 10:19:07 PAGE 1   


C51 COMPILER V9.60.7.0, COMPILATION OF MODULE MAIN
OBJECT MODULE PLACED IN .\Objects\main.obj
COMPILER INVOKED BY: C:\Keil_v5\C51\BIN\C51.EXE main.c OPTIMIZE(8,SPEED) BROWSE DEBUG OBJECTEXTEND PRINT(.\Listings\main
                    -.lst) TABS(2) OBJECT(.\Objects\main.obj)

line level    source

   1          #include<reg52.h>
   2          #include <stdio.h>
   3          #include <./assets/TC72/TC72.h>
   4          #include <./assets/Lcd/LCD_Serial.h>
   5          //------------------------------------------------------------------------------
   6          signed int tempr;
   7          char out[30];
   8          //------------------------------------------------------------------------------
   9          int main() 
  10          { 
  11   1        TC72_Init();
  12   1        LCD_init();
  13   1        
  14   1        while(1)
  15   1        { 
  16   2          tempr = TC72_ReadTempr();
  17   2          sprintf(out, "Tempr: %3.2f%cC", toFloat(tempr), DEG_SYMBOL);  
  18   2          LCD_string(0, 0, out);
  19   2        }
  20   1      }
  21          //------------------------------------------------------------------------------


MODULE INFORMATION:   STATIC OVERLAYABLE
   CODE SIZE        =    484    ----
   CONSTANT SIZE    =     16    ----
   XDATA SIZE       =   ----    ----
   PDATA SIZE       =   ----    ----
   DATA SIZE        =     36      10
   IDATA SIZE       =   ----    ----
   BIT SIZE         =      1    ----
END OF MODULE INFORMATION.


C51 COMPILATION COMPLETE.  0 WARNING(S),  0 ERROR(S)
