C51 COMPILER V9.60.7.0   MAIN                                                              12/20/2024 12:29:43 PAGE 1   


C51 COMPILER V9.60.7.0, COMPILATION OF MODULE MAIN
OBJECT MODULE PLACED IN .\Objects\main.obj
COMPILER INVOKED BY: C:\Keil_v5\C51\BIN\C51.EXE main.c OPTIMIZE(8,SPEED) BROWSE DEBUG OBJECTEXTEND PRINT(.\Listings\main
                    -.lst) TABS(2) OBJECT(.\Objects\main.obj)

line level    source

   1          #include<reg52.h>
   2          #include <stdio.h>
   3          #include <./assets/lm75/LM75.h>
   4          #include <./assets/ht16k33/ht16k33.h>
   5          //------------------------------------------------------------------------------
   6          int main() 
   7          {       
   8   1        ht16k33_init();
   9   1        LM75_init();
  10   1      
  11   1        while(1)
  12   1        { 
  13   2          signed int tempr = (signed int) (LM75_read(TEMPERATURE_ADDRESS) * 10);
  14   2         
  15   2          ht16k33_displayNum(tempr);
  16   2        }
  17   1      }
  18          //------------------------------------------------------------------------------


MODULE INFORMATION:   STATIC OVERLAYABLE
   CODE SIZE        =    665    ----
   CONSTANT SIZE    =      4    ----
   XDATA SIZE       =   ----    ----
   PDATA SIZE       =   ----    ----
   DATA SIZE        =     10      25
   IDATA SIZE       =   ----    ----
   BIT SIZE         =   ----    ----
END OF MODULE INFORMATION.


C51 COMPILATION COMPLETE.  0 WARNING(S),  0 ERROR(S)
