C51 COMPILER V9.60.7.0   MAIN                                                              07/26/2025 17:47:44 PAGE 1   


C51 COMPILER V9.60.7.0, COMPILATION OF MODULE MAIN
OBJECT MODULE PLACED IN .\Objects\main.obj
COMPILER INVOKED BY: C:\Keil_v5\C51\BIN\C51.EXE main.c OPTIMIZE(8,SPEED) BROWSE DEBUG OBJECTEXTEND PRINT(.\Listings\main
                    -.lst) TABS(2) OBJECT(.\Objects\main.obj)

line level    source

   1          #include<reg52.h>
   2          #include <stdio.h>
   3          #include <./assets/delay/delay.h>
   4          #include <./assets/ds1620/ds1620.h>
   5          #include <./assets/Lcd/LCD_Serial.h>
   6          //------------------------------------------------------------------------------
   7          int tempH, tempL;
   8          float tempF;
   9          char str[30];
  10          //------------------------------------------------------------------------------
  11          int main(void) 
  12          { 
  13   1        LCD_init();
  14   1        ds1620_init(25, 20); //Set thermostat high and low values
  15   1        
  16   1        tempH = ds1620_getTemp(READ_TH);
  17   1        tempL = ds1620_getTemp(READ_TL);
  18   1        
  19   1        sprintf(str, "TH:%3i°C,TL:%3i°C", tempH, tempL);
  20   1        LCD_string(0, 0, str);
  21   1        
  22   1        while(1)
  23   1        {     
  24   2          tempF = ds1620_getTempFloat();
  25   2          sprintf(str, "Tempr:%5.1f°C", tempF);
  26   2          LCD_string(1, 0, str);
  27   2          
  28   2          __delay_ms(500);
  29   2        }
  30   1      }
  31          //------------------------------------------------------------------------------


MODULE INFORMATION:   STATIC OVERLAYABLE
   CODE SIZE        =    854    ----
   CONSTANT SIZE    =     32    ----
   XDATA SIZE       =   ----    ----
   PDATA SIZE       =   ----    ----
   DATA SIZE        =     42      22
   IDATA SIZE       =   ----    ----
   BIT SIZE         =      1    ----
END OF MODULE INFORMATION.


C51 COMPILATION COMPLETE.  0 WARNING(S),  0 ERROR(S)
