C51 COMPILER V9.60.7.0   MAIN                                                              02/04/2025 18:21:25 PAGE 1   


C51 COMPILER V9.60.7.0, COMPILATION OF MODULE MAIN
OBJECT MODULE PLACED IN .\Objects\main.obj
COMPILER INVOKED BY: C:\Keil_v5\C51\BIN\C51.EXE main.c OPTIMIZE(8,SPEED) BROWSE DEBUG OBJECTEXTEND PRINT(.\Listings\main
                    -.lst) TABS(2) OBJECT(.\Objects\main.obj)

line level    source

   1          #include<reg52.h>
   2          #include <stdio.h>
   3          #include <string.h>
   4          #include <./assets/ds3234/ds3234.h>
   5          #include <./assets/MAX7219/MAX7219.h>
*** WARNING C280 IN LINE 36 OF ./assets/MAX7219/MAX7219.h: 'state': unreferenced local variable
   6          //------------------------------------------------------------------------------
   7          int time[7] = {0,59,16,2,4,5,20}; //Sec,Min,Hour,WDay,MDay,Month,Year
   8          char str[20];
   9          //------------------------------------------------------------------------------
  10          int main() 
  11          {   
  12   1        MAX7219_init(4);     //Number of chips
  13   1        DS3234_init();
  14   1        //DS3234_setTime(tm);       //Uncomment to set time as needed
  15   1      
  16   1        while(1)
  17   1        { 
  18   2          DS3234_getTime(time);
  19   2          strcpy(str, get_TimeStr(time));
  20   2          MAX7219_displayText(str);
  21   2        }
  22   1      }
  23          //------------------------------------------------------------------------------


MODULE INFORMATION:   STATIC OVERLAYABLE
   CODE SIZE        =    873    ----
   CONSTANT SIZE    =    480    ----
   XDATA SIZE       =   ----    ----
   PDATA SIZE       =   ----    ----
   DATA SIZE        =     34      50
   IDATA SIZE       =   ----    ----
   BIT SIZE         =      1    ----
END OF MODULE INFORMATION.


C51 COMPILATION COMPLETE.  1 WARNING(S),  0 ERROR(S)
