C51 COMPILER V9.60.7.0   MAIN                                                              01/19/2025 15:15:23 PAGE 1   


C51 COMPILER V9.60.7.0, COMPILATION OF MODULE MAIN
OBJECT MODULE PLACED IN .\Objects\main.obj
COMPILER INVOKED BY: C:\Keil_v5\C51\BIN\C51.EXE main.c OPTIMIZE(8,SPEED) BROWSE DEBUG OBJECTEXTEND PRINT(.\Listings\main
                    -.lst) TABS(2) OBJECT(.\Objects\main.obj)

line level    source

   1          #include<reg52.h>
   2          #include <./assets/tc74/tc74.h>
   3          #include <./assets/TM1637/TM1637.h>
   4          //------------------------------------------------------------------------------
   5          char str[10];
   6          signed int tempr = 0;
   7          //------------------------------------------------------------------------------
   8          int main() 
   9          {      
  10   1        TM1637_init(7);
  11   1        TC74_init(NORMAL_MODE);           // NORMAL vs STANDBY mode;
  12   1        
  13   1        while(1)
  14   1        {      
  15   2          tempr = TC74_read(TEMPR_REG) * 10;
  16   2      
  17   2          sprintf(str, "%4i°%c", tempr, (tempMode == 0) ? 'c' : 'f');
  18   2          TM1637_displayText(str);
  19   2          __delay_ms(200);
  20   2        }
  21   1      }
  22          //------------------------------------------------------------------------------


MODULE INFORMATION:   STATIC OVERLAYABLE
   CODE SIZE        =    669    ----
   CONSTANT SIZE    =     12    ----
   XDATA SIZE       =   ----    ----
   PDATA SIZE       =   ----    ----
   DATA SIZE        =     34      22
   IDATA SIZE       =   ----    ----
   BIT SIZE         =      1    ----
END OF MODULE INFORMATION.


C51 COMPILATION COMPLETE.  0 WARNING(S),  0 ERROR(S)
