C51 COMPILER V9.60.7.0   MAIN                                                              01/23/2025 20:38:43 PAGE 1   


C51 COMPILER V9.60.7.0, COMPILATION OF MODULE MAIN
OBJECT MODULE PLACED IN .\Objects\main.obj
COMPILER INVOKED BY: C:\Keil_v5\C51\BIN\C51.EXE main.c OPTIMIZE(8,SPEED) BROWSE DEBUG OBJECTEXTEND PRINT(.\Listings\main
                    -.lst) TABS(2) OBJECT(.\Objects\main.obj)

line level    source

   1          #include<reg52.h>
   2          #include <stdio.h>
   3          #include <stdlib.h>
   4          #include <./assets/ds1631/ds1631.h>
   5          #include <./assets/MAX7219/MAX7219.h>
   6          //------------------------------------------------------------------------------
   7          unsigned char addr = 0x90; // Temperature sensor device Address
   8          char str[12]; 
   9          unsigned char resNum;
  10          signed int tempr;
  11          //------------------------------------------------------------------------------
  12          int main() 
  13          {   
  14   1        MAX7219_init(SCAN_ALL_DIGITS);
  15   1        ds1631_init(addr, RES12_BIT); 
  16   1        resNum = ds1631_getResolutionNum(addr);
  17   1        
  18   1        while(1)
  19   1        {   
  20   2          tempr = ds1631_read2ByteReg(addr, TEMP_REG);
  21   2          
  22   2          sprintf(str, "%7.3f°%c", toFloat(tempr, resNum), (tempMode == 0) ? 'c' : 'f'); 
  23   2          MAX7219_displayText(str);
  24   2        }
  25   1      }
  26          //------------------------------------------------------------------------------


MODULE INFORMATION:   STATIC OVERLAYABLE
   CODE SIZE        =   1013    ----
   CONSTANT SIZE    =     30    ----
   XDATA SIZE       =   ----    ----
   PDATA SIZE       =   ----    ----
   DATA SIZE        =     46      57
   IDATA SIZE       =   ----    ----
   BIT SIZE         =      1    ----
END OF MODULE INFORMATION.


C51 COMPILATION COMPLETE.  0 WARNING(S),  0 ERROR(S)
