C51 COMPILER V9.60.7.0   MAIN                                                              07/26/2025 17:52:46 PAGE 1   


C51 COMPILER V9.60.7.0, COMPILATION OF MODULE MAIN
OBJECT MODULE PLACED IN .\Objects\main.obj
COMPILER INVOKED BY: C:\Keil_v5\C51\BIN\C51.EXE main.c OPTIMIZE(8,SPEED) BROWSE DEBUG OBJECTEXTEND PRINT(.\Listings\main
                    -.lst) TABS(2) OBJECT(.\Objects\main.obj)

line level    source

   1          #include<reg52.h>
   2          #include <stdio.h>
   3          #include <ctype.h>
   4          #include <./assets/delay/delay.h>
   5          #include <./assets/Ext_Intr/Ext_Intr.h>
   6          #include <./assets/ds1620/ds1620.h>
   7          #include <./assets/TM1637/TM1637.h>
   8          //------------------------------------------------------------------------------
   9          float num, tempF;
  10          char str[15];
  11          //------------------------------------------------------------------------------
  12          int main(void) 
  13          {      
  14   1        TM1637_init(7);
  15   1        ds1620_init(25, 20); // //Set thermostat high and low values
  16   1        ExtInt0_init();
  17   1        
  18   1        while(1)
  19   1        { 
  20   2          num = ds1620_getTempFloat();
  21   2          tempF = (tempMode == 0) ? num : (num * 9/5) + 32;
  22   2          
  23   2          sprintf(str, "%5.1f°%c", tempF, (tempMode == 0) ? 'c' : 'f');
  24   2          TM1637_displayText(str);
  25   2          
  26   2          __delay_ms(200);
  27   2        }
  28   1      }
  29          //------------------------------------------------------------------------------


MODULE INFORMATION:   STATIC OVERLAYABLE
   CODE SIZE        =   1067    ----
   CONSTANT SIZE    =     38    ----
   XDATA SIZE       =   ----    ----
   PDATA SIZE       =   ----    ----
   DATA SIZE        =     23      45
   IDATA SIZE       =   ----    ----
   BIT SIZE         =      1    ----
END OF MODULE INFORMATION.


C51 COMPILATION COMPLETE.  0 WARNING(S),  0 ERROR(S)
