C51 COMPILER V9.60.7.0   MAIN                                                              01/13/2025 17:14:00 PAGE 1   


C51 COMPILER V9.60.7.0, COMPILATION OF MODULE MAIN
OBJECT MODULE PLACED IN .\Objects\main.obj
COMPILER INVOKED BY: C:\Keil_v5\C51\BIN\C51.EXE main.c OPTIMIZE(8,SPEED) BROWSE DEBUG OBJECTEXTEND PRINT(.\Listings\main
                    -.lst) TABS(2) OBJECT(.\Objects\main.obj)

line level    source

   1          #include<reg52.h>
   2          #include <stdio.h>
   3          #include <string.h>
   4          #include "assets/Ext_Intr/Ext_Intr.h"
   5          #include <./assets/ds1307/ds1307.h>
   6          #include <./assets/ht16k33/ht16k33.h>
   7          //------------------------------------------------------------------------------
   8          char str[12];
   9          int time[8];
  10          //------------------------------------------------------------------------------
  11          int main() 
  12          {       
  13   1        ht16k33_init();
  14   1        ds1307_init();
  15   1        ExtInt0_init();
  16   1      
  17   1        while(1)
  18   1        { 
  19   2          ds1307_getDateTime(time);
  20   2          
  21   2          if(LED0)
  22   2            strcpy(str, get_TimeStr(time));
  23   2          else
  24   2              if(LED1)
  25   2                  strcpy(str, get_DateStr(time));
  26   2         
  27   2          ht16k33_displayNumText(str);
  28   2          __delay_ms(1000);
  29   2        }
  30   1      }
  31          //------------------------------------------------------------------------------


MODULE INFORMATION:   STATIC OVERLAYABLE
   CODE SIZE        =    874    ----
   CONSTANT SIZE    =     17    ----
   XDATA SIZE       =   ----    ----
   PDATA SIZE       =   ----    ----
   DATA SIZE        =     38      42
   IDATA SIZE       =   ----    ----
   BIT SIZE         =   ----    ----
END OF MODULE INFORMATION.


C51 COMPILATION COMPLETE.  0 WARNING(S),  0 ERROR(S)
