C51 COMPILER V9.60.7.0   MAIN                                                              01/20/2025 12:38:28 PAGE 1   


C51 COMPILER V9.60.7.0, COMPILATION OF MODULE MAIN
OBJECT MODULE PLACED IN .\Objects\main.obj
COMPILER INVOKED BY: C:\Keil_v5\C51\BIN\C51.EXE main.c OPTIMIZE(8,SPEED) BROWSE DEBUG OBJECTEXTEND PRINT(.\Listings\main
                    -.lst) TABS(2) OBJECT(.\Objects\main.obj)

line level    source

   1          #include<reg52.h>
   2          #include <stdio.h>
   3          #include <stdlib.h>
   4          #include <./assets/mcp9800/mcp9800.h>
   5          #include "assets/lcd/LCD_Serial.h"
   6          //------------------------------------------------------------------------------
   7          unsigned char addr = 0x90; // Temperature sensor device Address
   8          float tempr;
   9          unsigned char resNum;
  10          char str[18];
  11          //------------------------------------------------------------------------------
  12          int main() 
  13          {
  14   1        LCD_init(0x4E);          // Expander Address  
  15   1        mcp9800_init(addr, RES12_BIT);   
  16   1        resNum = mcp9800_getResolutionNum(addr);  
  17   1        LCD_string(0,5,"MCP9800");
  18   1          
  19   1        while(1)
  20   1        {
  21   2          tempr = mcp9800_read(addr, TEMP_REG);
  22   2          
  23   2          sprintf(str,"Temp: %8.4f%cC", toFloat(tempr, resNum), DEG_SYMBOL);
  24   2          LCD_string(1,0,str);    
  25   2        }
  26   1      }
  27          //------------------------------------------------------------------------------


MODULE INFORMATION:   STATIC OVERLAYABLE
   CODE SIZE        =    724    ----
   CONSTANT SIZE    =     23    ----
   XDATA SIZE       =   ----    ----
   PDATA SIZE       =   ----    ----
   DATA SIZE        =     29      17
   IDATA SIZE       =   ----    ----
   BIT SIZE         =      1    ----
END OF MODULE INFORMATION.


C51 COMPILATION COMPLETE.  0 WARNING(S),  0 ERROR(S)
