C51 COMPILER V9.60.7.0   MAIN                                                              02/14/2025 21:59:17 PAGE 1   


C51 COMPILER V9.60.7.0, COMPILATION OF MODULE MAIN
OBJECT MODULE PLACED IN .\Objects\main.obj
COMPILER INVOKED BY: C:\Keil_v5\C51\BIN\C51.EXE main.c OPTIMIZE(8,SPEED) BROWSE DEBUG OBJECTEXTEND PRINT(.\Listings\main
                    -.lst) TABS(2) OBJECT(.\Objects\main.obj)

line level    source

   1          #include<reg52.h>
   2          #include <./assets/delay/delay.h>
   3          #include <./assets/dht22/dht22.h>
   4          #include <./assets/Max6952/Max6952.h>
   5          //------------------------------------------------------------------------------
   6          char str[15];
   7          unsigned char sensorData[5];
   8          int hum, tempr;
   9          //------------------------------------------------------------------------------
  10          int main() 
  11          {   
  12   1        MAX6952_init(3);    
  13   1        dht22_init();
  14   1      
  15   1        while(1)
  16   1        { 
  17   2          oneWire_start();
  18   2          
  19   2          if(oneWire_getResponse())
  20   2          { 
  21   3            dht22_getSensorData(sensorData);
  22   3          }
  23   2          
  24   2          if(dht22_isChecksumInvalid(sensorData))
  25   2          {
  26   3            MAX6952_displayText(" Err");
  27   3          }
  28   2          else
  29   2              {
  30   3                hum = dht22_getHumidity(sensorData);
  31   3                tempr = dht22_getTemperature(sensorData);
  32   3              
  33   3                if(modeNum == 0 || modeNum == 1)
  34   3                    sprintf(str, "%6.1f°%c", calcTempr(tempr), (modeNum == 0) ? 'C' : 'F');
  35   3                else
  36   3                    if(modeNum == 2)
  37   3                        sprintf(str, "%7.1f%c", (float) hum/10, '%');
  38   3                  
  39   3                MAX6952_displayText(str);
  40   3              }
  41   2          
  42   2          __delay_ms(100);
  43   2        }
  44   1      }
  45          //------------------------------------------------------------------------------


MODULE INFORMATION:   STATIC OVERLAYABLE
   CODE SIZE        =   1005    ----
   CONSTANT SIZE    =     27    ----
   XDATA SIZE       =   ----    ----
   PDATA SIZE       =   ----    ----
   DATA SIZE        =     38      39
   IDATA SIZE       =   ----    ----
C51 COMPILER V9.60.7.0   MAIN                                                              02/14/2025 21:59:17 PAGE 2   

   BIT SIZE         =   ----    ----
END OF MODULE INFORMATION.


C51 COMPILATION COMPLETE.  0 WARNING(S),  0 ERROR(S)
