C51 COMPILER V9.60.7.0   MAIN                                                              12/18/2024 22:10:33 PAGE 1   


C51 COMPILER V9.60.7.0, COMPILATION OF MODULE MAIN
OBJECT MODULE PLACED IN .\Objects\main.obj
COMPILER INVOKED BY: C:\Keil_v5\C51\BIN\C51.EXE main.c OPTIMIZE(8,SPEED) BROWSE DEBUG OBJECTEXTEND PRINT(.\Listings\main
                    -.lst) TABS(2) OBJECT(.\Objects\main.obj)

line level    source

   1          #include <reg51.h>
   2          //--------------------------------------------------------
   3          #define XTAL 24000000
   4          void uart_init()
   5          {
   6   1        TMOD = 0x20; //Timer 1 In Mode 2 -Auto Reload to Generate Baud Rate
   7   1        SCON = 0x50; //Serial Mode 1, 8-Data Bit, REN Enabled
   8   1        TH1  = 0xFD; //Load Baud Rate 9600 To Timer Register
   9   1        //TL1  = 0xFD;
  10   1        TR1  = 1;    //Start Timer
  11   1        
  12   1        /*
  13   1        SCON=0X50;//8 bit 1 start
  14   1        TMOD=0X20;//8 bit mode2
  15   1        TH1=0Xfd;//253 baud rate 9600
  16   1        TR1=1;//start timer
  17   1        */
  18   1      }
  19          //--------------------------------------------------------
  20          void uart_tx(unsigned char dat)
  21          {
  22   1        SBUF = dat;
  23   1        while(TI==0);  //wait for transmit
  24   1        TI = 0;
  25   1      }
  26          //--------------------------------------------------------
  27          unsigned char uart_rx()
  28          {
  29   1        /*
  30   1        while(!RI);
  31   1        RI = 0;
  32   1        return SBUF;
  33   1        */
  34   1      
  35   1        unsigned char chr;
  36   1        
  37   1        while(RI == 0); //wait for receive
  38   1        chr = SBUF;     //save char
  39   1        RI = 0;
  40   1        
  41   1        return(chr);
  42   1      }
  43          //--------------------------------------------------------
  44          void uart_msg(unsigned char *chr)
  45          {
  46   1        while(*chr)
  47   1        {
  48   2          uart_tx(*chr++);
  49   2        }
  50   1      }
  51          //--------------------------------------------------------
  52          int main()
  53          {
  54   1        uart_init();
C51 COMPILER V9.60.7.0   MAIN                                                              12/18/2024 22:10:33 PAGE 2   

  55   1        
  56   1        uart_msg("Hello World!\r\n");
  57   1        while(1)
  58   1        {
  59   2      
  60   2        }
  61   1      }
  62          //--------------------------------------------------------


MODULE INFORMATION:   STATIC OVERLAYABLE
   CODE SIZE        =     79    ----
   CONSTANT SIZE    =     15    ----
   XDATA SIZE       =   ----    ----
   PDATA SIZE       =   ----    ----
   DATA SIZE        =   ----       3
   IDATA SIZE       =   ----    ----
   BIT SIZE         =   ----    ----
END OF MODULE INFORMATION.


C51 COMPILATION COMPLETE.  0 WARNING(S),  0 ERROR(S)
