C51 COMPILER V9.60.7.0   MAIN                                                              01/14/2025 10:20:53 PAGE 1   


C51 COMPILER V9.60.7.0, COMPILATION OF MODULE MAIN
OBJECT MODULE PLACED IN .\Objects\main.obj
COMPILER INVOKED BY: C:\Keil_v5\C51\BIN\C51.EXE main.c OPTIMIZE(8,SPEED) BROWSE DEBUG OBJECTEXTEND PRINT(.\Listings\main
                    -.lst) TABS(2) OBJECT(.\Objects\main.obj)

line level    source

   1          #include<reg52.h>
   2          #include <stdio.h>
   3          #include <stdlib.h>
   4          #include "assets/lcd/LCD_Serial.h"
   5          #include <./assets/ds3232/ds3232.h>
   6          //------------------------------------------------------------------------------
   7          char str[30];
   8          int time[8];
   9          //------------------------------------------------------------------------------
  10          int main() 
  11          {
  12   1        LCD_init();  
  13   1        ds3232_init();
  14   1        
  15   1        while(1)
  16   1        {
  17   2          ds3232_getDateTime(time);
  18   2          
  19   2          sprintf(str, "Time:%s", get_fullTimeStr(time));      //Time
  20   2          LCD_string(0, 0, str);
  21   2         
  22   2          sprintf(str, "Date:%s, %s", get_wDayStr(time[3]), get_fullDateStr(time)); //Date
  23   2          LCD_string(1, 0, str);
  24   2        }
  25   1      }
  26          //------------------------------------------------------------------------------


MODULE INFORMATION:   STATIC OVERLAYABLE
   CODE SIZE        =   1233    ----
   CONSTANT SIZE    =    135    ----
   XDATA SIZE       =   ----    ----
   PDATA SIZE       =   ----    ----
   DATA SIZE        =     50      52
   IDATA SIZE       =   ----    ----
   BIT SIZE         =      1    ----
END OF MODULE INFORMATION.


C51 COMPILATION COMPLETE.  0 WARNING(S),  0 ERROR(S)
