C51 COMPILER V9.60.7.0   MAIN                                                              07/25/2025 08:58:06 PAGE 1   


C51 COMPILER V9.60.7.0, COMPILATION OF MODULE MAIN
OBJECT MODULE PLACED IN .\Objects\main.obj
COMPILER INVOKED BY: C:\Keil_v5\C51\BIN\C51.EXE main.c OPTIMIZE(8,SPEED) BROWSE DEBUG OBJECTEXTEND PRINT(.\Listings\main
                    -.lst) TABS(2) OBJECT(.\Objects\main.obj)

line level    source

   1          //------------------------------------------------------------------------------
   2          #include<reg52.h>
   3          #include <stdio.h>
   4          #include <./assets/delay/delay.h>
   5          #include <./assets/stdint/stdint.h>
   6          #include <./assets/mcp320x/mcp320x.h>
   7          #include <./assets/uart/uart.h>
   8          //------------------------------------------------------------------------------
   9          float volts;
  10          uint8_t str[30];
  11          const uint16_t CH = 3;  // Channel
  12          //------------------------------------------------------------------------------
  13          int main(void) 
  14          {
  15   1        uart_init();
  16   1        mcp320x_init();
  17   1          
  18   1        while(1)
  19   1        {
  20   2          // LM35 produces voltage equivalent to temperature
  21   2          volts = mcp320x_getVoltage(DIFFERENTIAL_MODE, CH); // DIFFERENTIAL_MODE or SINGLE_MODE        
  22   2          
  23   2          sprintf(str, "Channel:%2u, Temp:%6.2f°C\r", CH, volts * 100); 
  24   2          uart_msg(str);
  25   2          
  26   2          __delay_ms(500);  
  27   2        }
  28   1      }
  29          //------------------------------------------------------------------------------


MODULE INFORMATION:   STATIC OVERLAYABLE
   CODE SIZE        =    366    ----
   CONSTANT SIZE    =     27    ----
   XDATA SIZE       =   ----    ----
   PDATA SIZE       =   ----    ----
   DATA SIZE        =     44       5
   IDATA SIZE       =   ----    ----
   BIT SIZE         =   ----    ----
END OF MODULE INFORMATION.


C51 COMPILATION COMPLETE.  0 WARNING(S),  0 ERROR(S)
