C51 COMPILER V9.60.7.0   MAIN                                                              01/19/2025 12:45:58 PAGE 1   


C51 COMPILER V9.60.7.0, COMPILATION OF MODULE MAIN
OBJECT MODULE PLACED IN .\Objects\main.obj
COMPILER INVOKED BY: C:\Keil_v5\C51\BIN\C51.EXE main.c OPTIMIZE(8,SPEED) BROWSE DEBUG OBJECTEXTEND PRINT(.\Listings\main
                    -.lst) TABS(2) OBJECT(.\Objects\main.obj)

line level    source

   1          #include<reg52.h>
   2          #include <stdio.h>
   3          #include <stdlib.h>
   4          #include <./assets/tc74/tc74.h>
   5          #include "assets/lcd/LCD_Serial.h"
   6          //------------------------------------------------------------------------------
   7          signed char tempr;
   8          char str[18];
   9          //------------------------------------------------------------------------------
  10          int main() 
  11          {
  12   1        LCD_init(0x4E);                   // Expander Address  
  13   1        TC74_init(NORMAL_MODE);           // NORMAL vs STANDBY mode
  14   1        LCD_string(0, 5, "TC74");
  15   1        
  16   1        while(1)
  17   1        {
  18   2          tempr = TC74_read(TEMPR_REG);
  19   2          
  20   2          sprintf(str, "Tempr: %3i%cC", (signed int)tempr, DEG_SYMBOL);  
  21   2          LCD_string(1, 0, str);
  22   2        }
  23   1      }
  24          //------------------------------------------------------------------------------


MODULE INFORMATION:   STATIC OVERLAYABLE
   CODE SIZE        =    440    ----
   CONSTANT SIZE    =     19    ----
   XDATA SIZE       =   ----    ----
   PDATA SIZE       =   ----    ----
   DATA SIZE        =     24       4
   IDATA SIZE       =   ----    ----
   BIT SIZE         =      1    ----
END OF MODULE INFORMATION.


C51 COMPILATION COMPLETE.  0 WARNING(S),  0 ERROR(S)
