C51 COMPILER V9.60.7.0   MAIN                                                              03/13/2025 18:03:16 PAGE 1   


C51 COMPILER V9.60.7.0, COMPILATION OF MODULE MAIN
OBJECT MODULE PLACED IN .\Objects\main.obj
COMPILER INVOKED BY: C:\Keil_v5\C51\BIN\C51.EXE main.c OPTIMIZE(8,SPEED) BROWSE DEBUG OBJECTEXTEND PRINT(.\Listings\main
                    -.lst) TABS(2) OBJECT(.\Objects\main.obj)

line level    source

   1          #include<reg52.h>
   2          #include <stdio.h>
   3          #include <./assets/TC72/TC72.h>
   4          #include <./assets/nokia/nokia_glcd.h>
   5          //------------------------------------------------------------------------------
   6          signed int tempr;
   7          char str[20];
   8          //------------------------------------------------------------------------------
   9          int main() 
  10          { 
  11   1        LCD_init();
  12   1        TC72_init();
  13   1        
  14   1        //LCD_image(img);
  15   1        LCD_string(0, 0, "Nokia 3310 LCD");
  16   1        while(1)
  17   1        { 
  18   2          tempr = TC72_readTempr();
  19   2          sprintf(str, "Temp: %6.2f%°C", calcTempr(tempr)); 
  20   2          
  21   2          LCD_string(3, 0, str);
  22   2        }
  23   1      }
  24          //------------------------------------------------------------------------------


MODULE INFORMATION:   STATIC OVERLAYABLE
   CODE SIZE        =    606    ----
   CONSTANT SIZE    =   1009    ----
   XDATA SIZE       =   ----    ----
   PDATA SIZE       =   ----    ----
   DATA SIZE        =     22      15
   IDATA SIZE       =   ----    ----
   BIT SIZE         =   ----    ----
END OF MODULE INFORMATION.


C51 COMPILATION COMPLETE.  0 WARNING(S),  0 ERROR(S)
