C51 COMPILER V9.60.7.0   MAIN                                                              01/19/2025 16:48:09 PAGE 1   


C51 COMPILER V9.60.7.0, COMPILATION OF MODULE MAIN
OBJECT MODULE PLACED IN .\Objects\main.obj
COMPILER INVOKED BY: C:\Keil_v5\C51\BIN\C51.EXE main.c OPTIMIZE(8,SPEED) BROWSE DEBUG OBJECTEXTEND PRINT(.\Listings\main
                    -.lst) TABS(2) OBJECT(.\Objects\main.obj)

line level    source

   1          #include<reg52.h>
   2          #include <stdio.h>
   3          #include <stdlib.h>
   4          #include "assets/tc77/tc77.h"
   5          #include "assets/lcd/LCD_Serial.h"
   6          //------------------------------------------------------------------------------
   7          char str[18];
   8          //------------------------------------------------------------------------------
   9          int main() 
  10          {
  11   1        LCD_init();  
  12   1        TC77_init();
  13   1        LCD_string(0, 7, "TC77");
  14   1        
  15   1        while(1)
  16   1        {   
  17   2          sprintf(str, "Temp: %3.4f%cC", toFloat(TC77_read()), DEG_SYMBOL);  
  18   2          LCD_string(1, 0, str);
  19   2        }
  20   1      }
  21          //------------------------------------------------------------------------------


MODULE INFORMATION:   STATIC OVERLAYABLE
   CODE SIZE        =    519    ----
   CONSTANT SIZE    =     20    ----
   XDATA SIZE       =   ----    ----
   PDATA SIZE       =   ----    ----
   DATA SIZE        =     22      13
   IDATA SIZE       =   ----    ----
   BIT SIZE         =      1    ----
END OF MODULE INFORMATION.


C51 COMPILATION COMPLETE.  0 WARNING(S),  0 ERROR(S)
