C51 COMPILER V9.60.7.0   MAIN                                                              01/17/2025 22:42:42 PAGE 1   


C51 COMPILER V9.60.7.0, COMPILATION OF MODULE MAIN
OBJECT MODULE PLACED IN .\Objects\main.obj
COMPILER INVOKED BY: C:\Keil_v5\C51\BIN\C51.EXE main.c OPTIMIZE(8,SPEED) BROWSE DEBUG OBJECTEXTEND PRINT(.\Listings\main
                    -.lst) TABS(2) OBJECT(.\Objects\main.obj)

line level    source

   1          #include<reg52.h>
   2          #include <stdio.h>
   3          #include <stdlib.h>
   4          #include "assets/delay/delay.h"
   5          #include <./assets/ds18b20/ds18b20.h>
   6          #include <./assets/MAX7219/MAX7219.h>
   7          //------------------------------------------------------------------------------
   8          char str[10];  
   9          signed int tempr = 0;
  10          //------------------------------------------------------------------------------
  11          int main() 
  12          {   
  13   1        MAX7219_init(SCAN_ALL_DIGITS);
  14   1        ds18b20_init();
  15   1        
  16   1        while(1)
  17   1        { 
  18   2          tempr = ds18b20_read();
  19   2          tempr = (signed int)(ds18b20_toFloat(tempr) * 100);
  20   2      
  21   2          sprintf(str, " %5i°%c", tempr, (tempMode == 0) ? 'c' : 'f');
  22   2          MAX7219_displayText(str);
  23   2          __delay_ms(200);
  24   2        }
  25   1      }
  26          //------------------------------------------------------------------------------


MODULE INFORMATION:   STATIC OVERLAYABLE
   CODE SIZE        =    812    ----
   CONSTANT SIZE    =     13    ----
   XDATA SIZE       =   ----    ----
   PDATA SIZE       =   ----    ----
   DATA SIZE        =     22      33
   IDATA SIZE       =   ----    ----
   BIT SIZE         =      1    ----
END OF MODULE INFORMATION.


C51 COMPILATION COMPLETE.  0 WARNING(S),  0 ERROR(S)
