C51 COMPILER V9.60.7.0   MAIN                                                              02/18/2025 11:37:14 PAGE 1   


C51 COMPILER V9.60.7.0, COMPILATION OF MODULE MAIN
OBJECT MODULE PLACED IN .\Objects\main.obj
COMPILER INVOKED BY: C:\Keil_v5\C51\BIN\C51.EXE main.c OPTIMIZE(8,SPEED) BROWSE DEBUG OBJECTEXTEND PRINT(.\Listings\main
                    -.lst) TABS(2) OBJECT(.\Objects\main.obj)

line level    source

   1          #include<reg52.h>
   2          #include <stdio.h>
   3          #include <./assets/ds18b20/ds18b20.h>
   4          #include <./assets/Lcd/LCD_Serial.h>
   5          //------------------------------------------------------------------------------
   6          unsigned char str[18];
   7          signed int tempr = 0;
   8          //------------------------------------------------------------------------------
   9          int main() 
  10          { 
  11   1        LCD_init();  
  12   1        LCD_string(0, 5, "DS18B20");;
  13   1        
  14   1        while(1)
  15   1        { 
  16   2          tempr = ds18b20_read();
  17   2            
  18   2          sprintf(str,"Temp: %8.4f°C", ds18b20_toFloat(tempr));     
  19   2          LCD_string(1,0,str);
  20   2          
  21   2          __delay_ms(200);
  22   2        }
  23   1      }
  24          //------------------------------------------------------------------------------


MODULE INFORMATION:   STATIC OVERLAYABLE
   CODE SIZE        =    600    ----
   CONSTANT SIZE    =     22    ----
   XDATA SIZE       =   ----    ----
   PDATA SIZE       =   ----    ----
   DATA SIZE        =     24      14
   IDATA SIZE       =   ----    ----
   BIT SIZE         =      1    ----
END OF MODULE INFORMATION.


C51 COMPILATION COMPLETE.  0 WARNING(S),  0 ERROR(S)
