C51 COMPILER V9.60.7.0   MAIN                                                              01/13/2025 11:04:04 PAGE 1   


C51 COMPILER V9.60.7.0, COMPILATION OF MODULE MAIN
OBJECT MODULE PLACED IN .\Objects\main.obj
COMPILER INVOKED BY: C:\Keil_v5\C51\BIN\C51.EXE main.c OPTIMIZE(8,SPEED) BROWSE DEBUG OBJECTEXTEND PRINT(.\Listings\main
                    -.lst) TABS(2) OBJECT(.\Objects\main.obj)

line level    source

   1          #include<reg52.h>
   2          #include <stdio.h>
   3          #include <stdlib.h>
   4          #include "assets/ds3234/ds3234_RTC.h"
   5          #include "assets/lcd/LCD_Serial.h"
   6          //------------------------------------------------------------------------------
   7          char str[30];  
   8          int tm[7] = {0,10,16,2,4,5,20}; //Sec,Min,Hour,WDay,MDay,Month,Year
   9          //------------------------------------------------------------------------------
  10          int main() 
  11          {
  12   1        LCD_init();  
  13   1        DS3234_init();
  14   1        //DS3234_setTime(tm);       //Uncomment to set time as needed
  15   1        
  16   1        while(1)
  17   1        {
  18   2          DS3234_getTime(tm);
  19   2          
  20   2          sprintf(str,"Time:%s",get_fullTimeStr(tm));      //Time
  21   2          LCD_string(0,0,str);
  22   2         
  23   2          sprintf(str,"Date:%s, %s",get_wDayStr(tm[3]), get_fullDateStr(tm));      //Date
  24   2          LCD_string(1,0,str);
  25   2        }
  26   1      }
  27          //------------------------------------------------------------------------------


MODULE INFORMATION:   STATIC OVERLAYABLE
   CODE SIZE        =   1242    ----
   CONSTANT SIZE    =    141    ----
   XDATA SIZE       =   ----    ----
   PDATA SIZE       =   ----    ----
   DATA SIZE        =     48      60
   IDATA SIZE       =   ----    ----
   BIT SIZE         =      1    ----
END OF MODULE INFORMATION.


C51 COMPILATION COMPLETE.  0 WARNING(S),  0 ERROR(S)
