C51 COMPILER V9.60.7.0   MAIN                                                              02/10/2025 10:05:40 PAGE 1   


C51 COMPILER V9.60.7.0, COMPILATION OF MODULE MAIN
OBJECT MODULE PLACED IN .\Objects\main.obj
COMPILER INVOKED BY: C:\Keil_v5\C51\BIN\C51.EXE main.c OPTIMIZE(8,SPEED) BROWSE DEBUG OBJECTEXTEND PRINT(.\Listings\main
                    -.lst) TABS(2) OBJECT(.\Objects\main.obj)

line level    source

   1          #include<reg52.h>
   2          #include <stdio.h>
   3          #include <stdlib.h>
   4          #include <./assets/LM75/LM75.h>
   5          #include "assets/lcd/LCD_Serial.h"
   6          //------------------------------------------------------------------------------
   7          float tempr;
   8          char str[18];
   9          //------------------------------------------------------------------------------
  10          int main() 
  11          {
  12   1        LCD_init();      
  13   1        LM75_init();
  14   1        LCD_string(0, 4, "JHD1214");
  15   1        
  16   1        while(1)
  17   1        {
  18   2          tempr = LM75_read(TEMPERATURE_ADDRESS);
  19   2          sprintf(str, "Temp: %5.1f%cC", tempr, DEG_SYMBOL);  
  20   2          
  21   2          LCD_string(1, 0, str);
  22   2          __delay_ms(100);
  23   2        }
  24   1      }
  25          //------------------------------------------------------------------------------


MODULE INFORMATION:   STATIC OVERLAYABLE
   CODE SIZE        =    572    ----
   CONSTANT SIZE    =     23    ----
   XDATA SIZE       =   ----    ----
   PDATA SIZE       =   ----    ----
   DATA SIZE        =     26      11
   IDATA SIZE       =   ----    ----
   BIT SIZE         =   ----    ----
END OF MODULE INFORMATION.


C51 COMPILATION COMPLETE.  0 WARNING(S),  0 ERROR(S)
